[16:44:12] [Render thread/INFO] [JMLogger] JourneyMap log initialized.
[16:44:12] [Render thread/INFO] [JourneymapClient] initialize ENTER
[16:44:12] [Render thread/INFO] [ClientAPI] [ClientAPI] built with JourneyMap API 1.9-SNAPSHOT
[16:44:12] [Render thread/INFO] [PluginHelper] Initializing plugins with Client API: journeymap.client.api.impl.ClientAPI
[16:44:12] [Render thread/INFO] [PluginHelper] Initialized IClientPlugin: net.blay09.mods.waystones.compat.JourneyMapIntegration
[16:44:12] [Render thread/INFO] [PluginHelper] Initialized IClientPlugin: com.railwayteam.railways.compat.journeymap.RailwayMapPlugin
[16:44:12] [Render thread/INFO] [?] Version: JourneyMap 1.20.1-5.9.15, built with forge 1.20.1-47.1.46
forge: 47.2.1
Environment: os.name, os.arch, java.version, user.country, user.language=null, game language=en_us, locale=en_us
Features: 
	RadarPlayers : singleplayer = true , multiplayer = true
	RadarAnimals : singleplayer = true , multiplayer = true
	RadarMobs : singleplayer = true , multiplayer = true
	RadarVillagers : singleplayer = true , multiplayer = true
	MapTopo : singleplayer = true , multiplayer = true
	MapSurface : singleplayer = true , multiplayer = true
	MapCaves : singleplayer = true , multiplayer = true
	MapBiome : singleplayer = true , multiplayer = true
MiniMapProperties{state=Valid, file=journeymap.minimap.config, configVersion=5.9.15, zoomLevel=0, compassFontScale=1.0, terrainAlpha=100, showEntityNames=true, positionX=0.9, positionY=0.25, effectVertical=false, showPlayerHeading=true, sizePercent=30, playerDisplayScale=1.0, showDayNight=true, showPets=true, preferredMapType=day, showCompass=true, mobDisplay=jm.common.entity_display.dots, systemTimeRealFormat=HH:mm:ss, shape=jm.minimap.shape_circle, showSelf=true, selfDisplayScale=1.0, showGrid=true, reticleOrientation=jm.minimap.orientation.compass, gameTimeRealFormat=HH:mm:ss, effectTranslateX=-378, showWaypoints=true, minimapKeyMovementSpeed=0.001, showAnimals=true, infoSlotAlpha=0.7, effectTranslateY=0, showWaypointLabels=true, moveEffectIcons=true, position=jm.minimap.position_topright, fontScale=1.0, showPlayers=true, waypointIconScale=1.0, frameAlpha=100, effectReversed=false, backgroundAlpha=0.8, enabled=true, showVillagers=true, info2Label=jm.theme.labelsource.gametime, info3Label=jm.theme.labelsource.location, showMobs=true, waypointLabelScale=1.0, showReticle=true, orientation=jm.minimap.orientation.north, info4Label=jm.theme.labelsource.biome, locationFormat=xzyv, playerDisplay=jm.common.entity_display.dots, mobDisplayScale=1.0, showCaves=true, showMobHeading=true, locationFormatVerbose=true, info1Label=jm.theme.labelsource.blank}
MiniMapProperties{state=Valid, file=journeymap.minimap2.config, configVersion=5.9.15, zoomLevel=0, compassFontScale=1.0, terrainAlpha=100, showEntityNames=true, positionX=0.9, positionY=0.25, effectVertical=false, showPlayerHeading=true, sizePercent=30, playerDisplayScale=1.0, showDayNight=true, showPets=true, preferredMapType=day, showCompass=true, mobDisplay=jm.common.entity_display.dots, systemTimeRealFormat=HH:mm:ss, shape=jm.minimap.shape_rectangle, showSelf=true, selfDisplayScale=1.0, showGrid=true, reticleOrientation=jm.minimap.orientation.compass, gameTimeRealFormat=HH:mm:ss, effectTranslateX=0, showWaypoints=true, minimapKeyMovementSpeed=0.001, showAnimals=true, infoSlotAlpha=0.7, effectTranslateY=0, showWaypointLabels=true, moveEffectIcons=true, position=jm.minimap.position_topright, fontScale=1.0, showPlayers=true, waypointIconScale=1.0, frameAlpha=100, effectReversed=false, backgroundAlpha=0.8, enabled=true, showVillagers=true, info2Label=jm.theme.labelsource.gametime, info3Label=jm.theme.labelsource.location, showMobs=true, waypointLabelScale=1.0, showReticle=true, orientation=jm.minimap.orientation.north, info4Label=jm.theme.labelsource.biome, locationFormat=xzyv, playerDisplay=jm.common.entity_display.dots, mobDisplayScale=1.0, showCaves=true, showMobHeading=true, locationFormatVerbose=true, info1Label=jm.theme.labelsource.blank}
FullMapProperties{state=Valid, file=journeymap.fullmap.config, configVersion=5.9.15, zoomLevel=0, showPlayers=true, waypointIconScale=1.0, showEntityNames=true, showPlayerHeading=true, showVillagers=true, showPlayerLoc=true, showKeys=true, playerDisplayScale=1.0, showMobs=true, showPets=true, waypointLabelScale=1.0, preferredMapType=day, mobDisplay=jm.common.entity_display.dots, showSelf=true, locationFormat=xzyv, playerDisplay=jm.common.entity_display.dots, mobDisplayScale=1.0, selfDisplayScale=1.0, showGrid=true, showMouseLoc=true, showWaypoints=true, showCaves=true, showAnimals=true, dragScale=1, showMobHeading=true, showWaypointLabels=true, locationFormatVerbose=true, fontScale=1.0}
WaypointProperties{state=Valid, file=journeymap.waypoint.config, configVersion=5.9.15, autoRemoveDeathpointDistance=2, dateFormat=MM-dd-yyyy, autoRemoveDeathpoints=false, fullscreenDoubleClickToCreate=true, managerDimensionFocus=false, minDistance=4, boldLabel=false, textureSmall=true, showDeathpointlabel=true, beaconEnabled=true, createDeathpoints=true, showName=true, disableStrikeThrough=false, maxDistance=0, autoHideLabel=true, autoRemoveTempWaypoints=2, teleportCommand=/tp {name} {x} {y} {z}, showStaticBeam=true, shaderBeacon=false, timeFormat=HH:mm:ss, showDeviationLabel=false, showDistance=true, showRotatingBeam=true, fontScale=2.0, showTexture=true, managerEnabled=true}
WebMapProperties{state=Valid, file=journeymap.webmap.config, configVersion=5.9.15, port=8080, enabled=false}
CoreProperties{state=Valid, file=journeymap.core.config, configVersion=5.9.15, verboseColorPalette=false, maxPlayersData=32, mapSurfaceAboveCaves=true, dataCachingEnabled=true, optionsManagerViewed=5.9.15, announceMod=true, colorPassive=#bbbbbb, mapBlendWater=false, renderDistanceSurfaceMax=0, seedId=false, radarVerticalDistance=16, mapBlendGrass=true, recordCacheStats=false, hideSneakingEntities=true, revealShape=jm.minimap.shape_circle, mapBiome=true, alwaysMapSurface=false, colorVillager=#88e188, mapPlants=false, colorPet=#0077ff, radarLateralDistance=64, mapBathymetry=false, mapCrops=true, maxMobsData=32, mapPlantShadows=false, alwaysMapCaves=false, checkUpdates=true, mapBlendFoliage=true, hideSpectators=false, mappingEnabled=true, colorPlayer=#ffffff, tileHighDisplayQuality=true, cacheVillagersData=2200, logLevel=INFO, maxVillagersData=32, mapWaterBiomeColors=false, maxAnimalsData=32, mapTransparency=true, caveBlackAsClear=false, tileRenderType=1, caveIgnoreGlass=true, mapTopography=true, renderDistanceCaveMax=0, mapAntialiasing=true, colorSelf=#0000ff, cachePlayersData=2000, cacheMobsData=3000, cachePlayerData=1000, splashViewed=5.9.15, colorHostile=#ff0000, cacheAnimalsData=3100, themeName=OceanMonument, mapCaveLighting=true, renderDelay=2, glErrorChecking=false, autoMapPoll=2000}
[16:44:13] [Render thread/INFO] [JourneymapClient] initialize EXIT, elapsed count 1 avg 331ms
[16:44:34] [Render thread/INFO] [JourneymapClient] Journeymap PostInit
[16:44:34] [Render thread/INFO] [ThemeLoader] Preloaded theme textures: 73
[16:44:34] [Render thread/INFO] [JourneymapClient] postInitialize EXIT, elapsed count 1 avg 262.76ms
[16:48:33] [Netty Client IO #2/INFO] [ForgeConfig] Loading JourneyMap Forge Configs
[16:48:35] [Render thread/INFO] [WaypointStore] Loaded 0 waypoints from C:\Users\dommc\curseforge\minecraft\Instances\Modpack\journeymap\data\mp\server~pc\waypoints
[16:48:35] [Render thread/INFO] [JourneymapClient] Mapping started in C:\Users\dommc\curseforge\minecraft\Instances\Modpack\journeymap\data\mp\server~pc\overworld. Memory: 6720MB total, 1340MB free 
[16:48:50] [Render thread/INFO] [JourneymapClient] Mapping halted in C:\Users\dommc\curseforge\minecraft\Instances\Modpack\journeymap\data\mp\server~pc\minecraft:overworld
[16:48:50] [Render thread/INFO] [JourneymapClient] World UID is set to: bb00b08e-4f64-403a-b0b1-a58c0ca74fe5
[16:48:51] [Render thread/INFO] [WaypointGroupStore] Loaded WaypointGroups file C:\Users\dommc\curseforge\minecraft\Instances\Modpack\journeymap\data\mp\server~pc_bb00b08e~4f64~403a~b0b1~a58c0ca74fe5\waypoints\waypoint_groups.json
[16:48:51] [Render thread/INFO] [WaypointGroupStore] Created WaypointGroups file: C:\Users\dommc\curseforge\minecraft\Instances\Modpack\journeymap\data\mp\server~pc_bb00b08e~4f64~403a~b0b1~a58c0ca74fe5\waypoints\waypoint_groups.json
[16:49:02] [Render thread/INFO] [ModBlockDelegate] Custom modded block handling enabled for create
[16:49:02] [Render thread/INFO] [ModBlockDelegate] Custom modded block handling enabled for biomesoplenty
[16:49:02] [Render thread/INFO] [WaypointStore] Loaded 10 waypoints from C:\Users\dommc\curseforge\minecraft\Instances\Modpack\journeymap\data\mp\server~pc_bb00b08e~4f64~403a~b0b1~a58c0ca74fe5\waypoints
[16:49:02] [Render thread/INFO] [JourneymapClient] Mapping started in C:\Users\dommc\curseforge\minecraft\Instances\Modpack\journeymap\data\mp\server~pc_bb00b08e~4f64~403a~b0b1~a58c0ca74fe5\overworld. Memory: 6720MB total, 1081MB free 
[16:49:25] [Render thread/INFO] [ChatLog] JourneyMap: Press [J]
[16:50:08] [Render thread/INFO] [JourneymapClient] Mapping halted in C:\Users\dommc\curseforge\minecraft\Instances\Modpack\journeymap\data\mp\server~pc_bb00b08e~4f64~403a~b0b1~a58c0ca74fe5\minecraft:overworld
[17:00:01] [Render thread/INFO] [MappingMonitorTask] World ID has been reset.
[17:00:01] [Render thread/INFO] [JourneymapClient] World UID is set to: null
[17:00:16] [Netty Client IO #7/INFO] [ForgeConfig] Loading JourneyMap Forge Configs
[17:00:17] [Render thread/INFO] [WaypointStore] Loaded 0 waypoints from C:\Users\dommc\curseforge\minecraft\Instances\Modpack\journeymap\data\mp\server~pc\waypoints
[17:00:17] [Render thread/INFO] [JourneymapClient] Mapping started in C:\Users\dommc\curseforge\minecraft\Instances\Modpack\journeymap\data\mp\server~pc\overworld. Memory: 6720MB total, 800MB free 
[17:00:36] [Render thread/INFO] [JourneymapClient] Mapping halted in C:\Users\dommc\curseforge\minecraft\Instances\Modpack\journeymap\data\mp\server~pc\minecraft:overworld
[17:00:36] [Render thread/INFO] [JourneymapClient] World UID is set to: bb00b08e-4f64-403a-b0b1-a58c0ca74fe5
[17:00:37] [Render thread/INFO] [WaypointStore] Loaded 10 waypoints from C:\Users\dommc\curseforge\minecraft\Instances\Modpack\journeymap\data\mp\server~pc_bb00b08e~4f64~403a~b0b1~a58c0ca74fe5\waypoints
[17:00:37] [Render thread/INFO] [JourneymapClient] Mapping started in C:\Users\dommc\curseforge\minecraft\Instances\Modpack\journeymap\data\mp\server~pc_bb00b08e~4f64~403a~b0b1~a58c0ca74fe5\overworld. Memory: 6720MB total, 896MB free 
[17:01:30] [Render thread/INFO] [JourneymapClient] Mapping halted in C:\Users\dommc\curseforge\minecraft\Instances\Modpack\journeymap\data\mp\server~pc_bb00b08e~4f64~403a~b0b1~a58c0ca74fe5\minecraft:overworld
[17:03:53] [Render thread/INFO] [MappingMonitorTask] World ID has been reset.
[17:03:53] [Render thread/INFO] [JourneymapClient] World UID is set to: null
[17:04:47] [Server thread/INFO] [ForgeConfig] Loading JourneyMap Forge Configs
[17:05:23] [Server thread/INFO] [PropertiesBase] global (FirstLoaded) Setting config file to version "5.9.15": journeymap.server.global.config
[17:05:23] [Server thread/INFO] [PropertiesBase] global (Valid) Creating config file: C:\Users\dommc\curseforge\minecraft\Instances\Modpack\journeymap\server\5.9\journeymap.server.global.config
[17:05:23] [Server thread/INFO] [PropertiesBase] default (FirstLoaded) Setting config file to version "5.9.15": journeymap.server.default.config
[17:05:23] [Server thread/INFO] [PropertiesBase] default (Valid) Creating config file: C:\Users\dommc\curseforge\minecraft\Instances\Modpack\journeymap\server\5.9\journeymap.server.default.config
[17:05:23] [Server thread/INFO] [PropertiesBase] minecraft~overworld (Initialized) Setting config file to version "5.9.15": journeymap.server.minecraft~overworld.config
[17:05:23] [Server thread/INFO] [PropertiesBase] minecraft~overworld (Valid) Creating config file: C:\Users\dommc\curseforge\minecraft\Instances\Modpack\journeymap\server\5.9\journeymap.server.minecraft~overworld.config
[17:05:23] [Server thread/INFO] [PropertiesBase] ad_astra~earth_orbit (Initialized) Setting config file to version "5.9.15": journeymap.server.ad_astra~earth_orbit.config
[17:05:23] [Server thread/INFO] [PropertiesBase] ad_astra~earth_orbit (Valid) Creating config file: C:\Users\dommc\curseforge\minecraft\Instances\Modpack\journeymap\server\5.9\journeymap.server.ad_astra~earth_orbit.config
[17:05:23] [Server thread/INFO] [PropertiesBase] ad_astra~venus (Initialized) Setting config file to version "5.9.15": journeymap.server.ad_astra~venus.config
[17:05:23] [Server thread/INFO] [PropertiesBase] ad_astra~venus (Valid) Creating config file: C:\Users\dommc\curseforge\minecraft\Instances\Modpack\journeymap\server\5.9\journeymap.server.ad_astra~venus.config
[17:05:23] [Server thread/INFO] [PropertiesBase] ad_astra~moon_orbit (Initialized) Setting config file to version "5.9.15": journeymap.server.ad_astra~moon_orbit.config
[17:05:23] [Server thread/INFO] [PropertiesBase] ad_astra~moon_orbit (Valid) Creating config file: C:\Users\dommc\curseforge\minecraft\Instances\Modpack\journeymap\server\5.9\journeymap.server.ad_astra~moon_orbit.config
[17:05:23] [Server thread/INFO] [PropertiesBase] deeperdarker~otherside (Initialized) Setting config file to version "5.9.15": journeymap.server.deeperdarker~otherside.config
[17:05:23] [Server thread/INFO] [PropertiesBase] deeperdarker~otherside (Valid) Creating config file: C:\Users\dommc\curseforge\minecraft\Instances\Modpack\journeymap\server\5.9\journeymap.server.deeperdarker~otherside.config
[17:05:23] [Server thread/INFO] [PropertiesBase] ad_astra_proxima_plus~proxima_b_orbit (Initialized) Setting config file to version "5.9.15": journeymap.server.ad_astra_proxima_plus~proxima_b_orbit.config
[17:05:23] [Server thread/INFO] [PropertiesBase] ad_astra_proxima_plus~proxima_b_orbit (Valid) Creating config file: C:\Users\dommc\curseforge\minecraft\Instances\Modpack\journeymap\server\5.9\journeymap.server.ad_astra_proxima_plus~proxima_b_orbit.config
[17:05:23] [Server thread/INFO] [PropertiesBase] ad_astra~mercury (Initialized) Setting config file to version "5.9.15": journeymap.server.ad_astra~mercury.config
[17:05:23] [Server thread/INFO] [PropertiesBase] ad_astra~mercury (Valid) Creating config file: C:\Users\dommc\curseforge\minecraft\Instances\Modpack\journeymap\server\5.9\journeymap.server.ad_astra~mercury.config
[17:05:23] [Server thread/INFO] [PropertiesBase] ad_astra_proxima_plus~normalplanet (Initialized) Setting config file to version "5.9.15": journeymap.server.ad_astra_proxima_plus~normalplanet.config
[17:05:23] [Server thread/INFO] [PropertiesBase] ad_astra_proxima_plus~normalplanet (Valid) Creating config file: C:\Users\dommc\curseforge\minecraft\Instances\Modpack\journeymap\server\5.9\journeymap.server.ad_astra_proxima_plus~normalplanet.config
[17:05:23] [Server thread/INFO] [PropertiesBase] ad_astra~mars_orbit (Initialized) Setting config file to version "5.9.15": journeymap.server.ad_astra~mars_orbit.config
[17:05:23] [Server thread/INFO] [PropertiesBase] ad_astra~mars_orbit (Valid) Creating config file: C:\Users\dommc\curseforge\minecraft\Instances\Modpack\journeymap\server\5.9\journeymap.server.ad_astra~mars_orbit.config
[17:05:23] [Server thread/INFO] [PropertiesBase] ad_astra~glacio (Initialized) Setting config file to version "5.9.15": journeymap.server.ad_astra~glacio.config
[17:05:23] [Server thread/INFO] [PropertiesBase] ad_astra~glacio (Valid) Creating config file: C:\Users\dommc\curseforge\minecraft\Instances\Modpack\journeymap\server\5.9\journeymap.server.ad_astra~glacio.config
[17:05:23] [Server thread/INFO] [PropertiesBase] ad_astra_proxima_plus~proxima_asteroid_belt (Initialized) Setting config file to version "5.9.15": journeymap.server.ad_astra_proxima_plus~proxima_asteroid_belt.config
[17:05:23] [Server thread/INFO] [PropertiesBase] ad_astra_proxima_plus~proxima_asteroid_belt (Valid) Creating config file: C:\Users\dommc\curseforge\minecraft\Instances\Modpack\journeymap\server\5.9\journeymap.server.ad_astra_proxima_plus~proxima_asteroid_belt.config
[17:05:23] [Server thread/INFO] [PropertiesBase] minecraft~the_end (Initialized) Setting config file to version "5.9.15": journeymap.server.minecraft~the_end.config
[17:05:23] [Server thread/INFO] [PropertiesBase] minecraft~the_end (Valid) Creating config file: C:\Users\dommc\curseforge\minecraft\Instances\Modpack\journeymap\server\5.9\journeymap.server.minecraft~the_end.config
[17:05:23] [Server thread/INFO] [PropertiesBase] minecraft~the_nether (Initialized) Setting config file to version "5.9.15": journeymap.server.minecraft~the_nether.config
[17:05:23] [Server thread/INFO] [PropertiesBase] minecraft~the_nether (Valid) Creating config file: C:\Users\dommc\curseforge\minecraft\Instances\Modpack\journeymap\server\5.9\journeymap.server.minecraft~the_nether.config
[17:05:23] [Server thread/INFO] [PropertiesBase] ad_astra~venus_orbit (Initialized) Setting config file to version "5.9.15": journeymap.server.ad_astra~venus_orbit.config
[17:05:23] [Server thread/INFO] [PropertiesBase] ad_astra~venus_orbit (Valid) Creating config file: C:\Users\dommc\curseforge\minecraft\Instances\Modpack\journeymap\server\5.9\journeymap.server.ad_astra~venus_orbit.config
[17:05:23] [Server thread/INFO] [PropertiesBase] ad_astra~mercury_orbit (Initialized) Setting config file to version "5.9.15": journeymap.server.ad_astra~mercury_orbit.config
[17:05:23] [Server thread/INFO] [PropertiesBase] ad_astra~mercury_orbit (Valid) Creating config file: C:\Users\dommc\curseforge\minecraft\Instances\Modpack\journeymap\server\5.9\journeymap.server.ad_astra~mercury_orbit.config
[17:05:23] [Server thread/INFO] [PropertiesBase] ad_astra_proxima_plus~proxima_asteroid_belt_orbit (Initialized) Setting config file to version "5.9.15": journeymap.server.ad_astra_proxima_plus~proxima_asteroid_belt_orbit.config
[17:05:23] [Server thread/INFO] [PropertiesBase] ad_astra_proxima_plus~proxima_asteroid_belt_orbit (Valid) Creating config file: C:\Users\dommc\curseforge\minecraft\Instances\Modpack\journeymap\server\5.9\journeymap.server.ad_astra_proxima_plus~proxima_asteroid_belt_orbit.config
[17:05:23] [Server thread/INFO] [PropertiesBase] twilightforest~twilight_forest (Initialized) Setting config file to version "5.9.15": journeymap.server.twilightforest~twilight_forest.config
[17:05:23] [Server thread/INFO] [PropertiesBase] twilightforest~twilight_forest (Valid) Creating config file: C:\Users\dommc\curseforge\minecraft\Instances\Modpack\journeymap\server\5.9\journeymap.server.twilightforest~twilight_forest.config
[17:05:23] [Server thread/INFO] [PropertiesBase] ad_astra~glacio_orbit (Initialized) Setting config file to version "5.9.15": journeymap.server.ad_astra~glacio_orbit.config
[17:05:23] [Server thread/INFO] [PropertiesBase] ad_astra~glacio_orbit (Valid) Creating config file: C:\Users\dommc\curseforge\minecraft\Instances\Modpack\journeymap\server\5.9\journeymap.server.ad_astra~glacio_orbit.config
[17:05:23] [Server thread/INFO] [PropertiesBase] ad_astra_proxima_plus~proxima_b (Initialized) Setting config file to version "5.9.15": journeymap.server.ad_astra_proxima_plus~proxima_b.config
[17:05:23] [Server thread/INFO] [PropertiesBase] ad_astra_proxima_plus~proxima_b (Valid) Creating config file: C:\Users\dommc\curseforge\minecraft\Instances\Modpack\journeymap\server\5.9\journeymap.server.ad_astra_proxima_plus~proxima_b.config
[17:05:23] [Server thread/INFO] [PropertiesBase] ad_astra_proxima_plus~proxima_c (Initialized) Setting config file to version "5.9.15": journeymap.server.ad_astra_proxima_plus~proxima_c.config
[17:05:23] [Server thread/INFO] [PropertiesBase] ad_astra_proxima_plus~proxima_c (Valid) Creating config file: C:\Users\dommc\curseforge\minecraft\Instances\Modpack\journeymap\server\5.9\journeymap.server.ad_astra_proxima_plus~proxima_c.config
[17:05:23] [Server thread/INFO] [PropertiesBase] ad_astra_proxima_plus~proxima_c_orbit (Initialized) Setting config file to version "5.9.15": journeymap.server.ad_astra_proxima_plus~proxima_c_orbit.config
[17:05:23] [Server thread/INFO] [PropertiesBase] ad_astra_proxima_plus~proxima_c_orbit (Valid) Creating config file: C:\Users\dommc\curseforge\minecraft\Instances\Modpack\journeymap\server\5.9\journeymap.server.ad_astra_proxima_plus~proxima_c_orbit.config
[17:05:23] [Server thread/INFO] [PropertiesBase] ad_astra_proxima_plus~proxima_d_orbit (Initialized) Setting config file to version "5.9.15": journeymap.server.ad_astra_proxima_plus~proxima_d_orbit.config
[17:05:23] [Server thread/INFO] [PropertiesBase] ad_astra_proxima_plus~proxima_d_orbit (Valid) Creating config file: C:\Users\dommc\curseforge\minecraft\Instances\Modpack\journeymap\server\5.9\journeymap.server.ad_astra_proxima_plus~proxima_d_orbit.config
[17:05:23] [Server thread/INFO] [PropertiesBase] ad_astra~moon (Initialized) Setting config file to version "5.9.15": journeymap.server.ad_astra~moon.config
[17:05:23] [Server thread/INFO] [PropertiesBase] ad_astra~moon (Valid) Creating config file: C:\Users\dommc\curseforge\minecraft\Instances\Modpack\journeymap\server\5.9\journeymap.server.ad_astra~moon.config
[17:05:23] [Server thread/INFO] [PropertiesBase] ad_astra~mars (Initialized) Setting config file to version "5.9.15": journeymap.server.ad_astra~mars.config
[17:05:23] [Server thread/INFO] [PropertiesBase] ad_astra~mars (Valid) Creating config file: C:\Users\dommc\curseforge\minecraft\Instances\Modpack\journeymap\server\5.9\journeymap.server.ad_astra~mars.config
[17:05:23] [Server thread/INFO] [PropertiesBase] aether~the_aether (Initialized) Setting config file to version "5.9.15": journeymap.server.aether~the_aether.config
[17:05:23] [Server thread/INFO] [PropertiesBase] aether~the_aether (Valid) Creating config file: C:\Users\dommc\curseforge\minecraft\Instances\Modpack\journeymap\server\5.9\journeymap.server.aether~the_aether.config
[17:05:23] [Server thread/INFO] [PropertiesBase] ae2~spatial_storage (Initialized) Setting config file to version "5.9.15": journeymap.server.ae2~spatial_storage.config
[17:05:23] [Server thread/INFO] [PropertiesBase] ae2~spatial_storage (Valid) Creating config file: C:\Users\dommc\curseforge\minecraft\Instances\Modpack\journeymap\server\5.9\journeymap.server.ae2~spatial_storage.config
